#
# There is insufficient memory for the Java Runtime Environment to continue.
# Native memory allocation (malloc) failed to allocate 1098064 bytes for Chunk::new
# Possible reasons:
#   The system is out of physical RAM or swap space
#   In 32 bit mode, the process size limit was hit
# Possible solutions:
#   Reduce memory load on the system
#   Increase physical memory or swap space
#   Check if swap backing store is full
#   Use 64 bit Java on a 64 bit OS
#   Decrease Java heap size (-Xmx/-Xms)
#   Decrease number of Java threads
#   Decrease Java thread stack sizes (-Xss)
#   Set larger code cache with -XX:ReservedCodeCacheSize=
# This output file may be truncated or incomplete.
#
#  Out of Memory Error (allocation.cpp:390), pid=15432, tid=0x0000000000000598
#
# JRE version: OpenJDK Runtime Environment (8.0_152-b01) (build 1.8.0_152-release-1343-b01)
# Java VM: OpenJDK 64-Bit Server VM (25.152-b01 mixed mode windows-amd64 compressed oops)
# Failed to write core dump. Minidumps are not enabled by default on client versions of Windows
#

---------------  T H R E A D  ---------------

Current thread (0x0000000015f20000):  JavaThread "C2 CompilerThread0" daemon [_thread_in_native, id=1432, stack(0x0000000017570000,0x0000000017670000)]

Stack: [0x0000000017570000,0x0000000017670000]
[error occurred during error reporting (printing stack bounds), id 0xc0000005]

Native frames: (J=compiled Java code, j=interpreted, Vv=VM code, C=native code)


Current CompileTask:
C2:3921178 27119       4       org.gradle.api.internal.changedetection.state.CachingFileHasher::snapshot (114 bytes)


---------------  P R O C E S S  ---------------

Java Threads: ( => current thread )
  0x000000001ec8f800 JavaThread "Cache worker for execution history cache (C:\Users\Marko\Desktop\Threading\.gradle\5.1.1\executionHistory)" [_thread_blocked, id=252, stack(0x00000000277f0000,0x00000000278f0000)]
  0x00000000191db000 JavaThread "Execution worker for ':' Thread 3" [_thread_blocked, id=14076, stack(0x00000000276f0000,0x00000000277f0000)]
  0x00000000191da000 JavaThread "Execution worker for ':' Thread 2" [_thread_blocked, id=5600, stack(0x0000000025a20000,0x0000000025b20000)]
  0x00000000191d7000 JavaThread "Execution worker for ':'" [_thread_in_native, id=14960, stack(0x0000000025320000,0x0000000025420000)]
  0x00000000191d6800 JavaThread "Cache worker for file content cache (C:\Users\Marko\Desktop\Threading\.gradle\5.1.1\fileContent)" [_thread_blocked, id=11604, stack(0x0000000025220000,0x0000000025320000)]
  0x00000000191cf000 JavaThread "Cache worker for Build Output Cleanup Cache (C:\Users\Marko\Desktop\Threading\.gradle\buildOutputCleanup)" [_thread_blocked, id=1312, stack(0x0000000023e00000,0x0000000023f00000)]
  0x00000000191d2000 JavaThread "pool-56-thread-1" [_thread_blocked, id=15368, stack(0x0000000023c00000,0x0000000023d00000)]
  0x00000000191d5800 JavaThread "Build operations Thread 4" [_thread_blocked, id=2224, stack(0x0000000023a00000,0x0000000023b00000)]
  0x00000000191d0800 JavaThread "Build operations Thread 3" [_thread_blocked, id=3256, stack(0x0000000023900000,0x0000000023a00000)]
  0x00000000191d5000 JavaThread "Build operations Thread 2" [_thread_blocked, id=15444, stack(0x0000000023800000,0x0000000023900000)]
  0x00000000191cd800 JavaThread "Build operations" [_thread_blocked, id=9456, stack(0x0000000021f40000,0x0000000022040000)]
  0x00000000191cc800 JavaThread "Cache worker for cache directory md-rule (C:\Users\Marko\.gradle\caches\5.1.1\md-rule)" [_thread_blocked, id=2340, stack(0x000000001fd60000,0x000000001fe60000)]
  0x00000000191ce000 JavaThread "Cache worker for cache directory md-supplier (C:\Users\Marko\.gradle\caches\5.1.1\md-supplier)" [_thread_blocked, id=6672, stack(0x000000001cc60000,0x000000001cd60000)]
  0x00000000191d3800 JavaThread "Cache worker for file hash cache (C:\Users\Marko\Desktop\Threading\.gradle\5.1.1\fileHashes)" [_thread_blocked, id=15648, stack(0x000000001a6c0000,0x000000001a7c0000)]
  0x000000001bbf6000 JavaThread "Thread-483" [_thread_blocked, id=7980, stack(0x000000001a3c0000,0x000000001a4c0000)]
  0x000000001bbf9800 JavaThread "Stdin handler" [_thread_blocked, id=5332, stack(0x000000001a2c0000,0x000000001a3c0000)]
  0x000000001bbed000 JavaThread "Asynchronous log dispatcher for DefaultDaemonConnection: socket connection from /127.0.0.1:51186 to /127.0.0.1:53371" [_thread_blocked, id=6888, stack(0x0000000019fc0000,0x000000001a0c0000)]
  0x000000001bbf3000 JavaThread "Cancel handler" [_thread_blocked, id=11028, stack(0x0000000000a20000,0x0000000000b20000)]
  0x000000001bbf0800 JavaThread "Handler for socket connection from /127.0.0.1:51186 to /127.0.0.1:53371" [_thread_in_native, id=16140, stack(0x0000000000920000,0x0000000000a20000)]
  0x000000001bbee800 JavaThread "Daemon worker Thread 19" [_thread_blocked, id=6988, stack(0x0000000019ec0000,0x0000000019fc0000)]
  0x000000001bbf2000 JavaThread "Daemon Thread 19" [_thread_blocked, id=6292, stack(0x0000000000820000,0x0000000000920000)]
  0x000000001bbef000 JavaThread "Cache worker for Java compile cache (C:\Users\Marko\.gradle\caches\5.1.1\javaCompile)" [_thread_blocked, id=5484, stack(0x0000000023d00000,0x0000000023e00000)]
  0x000000001ec8b000 JavaThread "MarlinRenderer Disposer" daemon [_thread_blocked, id=12816, stack(0x0000000024920000,0x0000000024a20000)]
  0x000000001ec8a800 JavaThread "Java2D Disposer" daemon [_thread_blocked, id=11896, stack(0x0000000024820000,0x0000000024920000)]
  0x00000000191d4000 JavaThread "Cache worker for file content cache (C:\Users\Marko\.gradle\caches\5.1.1\fileContent)" [_thread_blocked, id=9328, stack(0x0000000023b00000,0x0000000023c00000)]
  0x00000000191cf800 JavaThread "Memory manager" [_thread_blocked, id=10872, stack(0x0000000023040000,0x0000000023140000)]
  0x00000000191fa000 JavaThread "Cache worker for execution history cache (C:\Users\Marko\.gradle\caches\5.1.1\executionHistory)" [_thread_blocked, id=6704, stack(0x000000001fa60000,0x000000001fb60000)]
  0x00000000191f6800 JavaThread "Cache worker for journal cache (C:\Users\Marko\.gradle\caches\journal-1)" [_thread_blocked, id=15556, stack(0x000000001a9c0000,0x000000001aac0000)]
  0x00000000191f4000 JavaThread "File lock request listener" [_thread_in_native, id=6168, stack(0x000000001a8c0000,0x000000001a9c0000)]
  0x0000000019215800 JavaThread "Cache worker for file hash cache (C:\Users\Marko\.gradle\caches\5.1.1\fileHashes)" [_thread_blocked, id=12984, stack(0x000000001a7c0000,0x000000001a8c0000)]
  0x000000001906a800 JavaThread "Daemon periodic checks" [_thread_blocked, id=10800, stack(0x0000000019dc0000,0x0000000019ec0000)]
  0x0000000018e76000 JavaThread "Incoming local TCP Connector on port 51186" [_thread_in_native, id=720, stack(0x0000000019b80000,0x0000000019c80000)]
  0x0000000017893000 JavaThread "Service Thread" daemon [_thread_blocked, id=14492, stack(0x0000000017c70000,0x0000000017d70000)]
  0x0000000015f2d000 JavaThread "C1 CompilerThread2" daemon [_thread_blocked, id=2488, stack(0x0000000017770000,0x0000000017870000)]
  0x0000000015f24000 JavaThread "C2 CompilerThread1" daemon [_thread_in_native, id=5608, stack(0x0000000017670000,0x0000000017770000)]
=>0x0000000015f20000 JavaThread "C2 CompilerThread0" daemon [_thread_in_native, id=1432, stack(0x0000000017570000,0x0000000017670000)]
  0x0000000015f1f000 JavaThread "Attach Listener" daemon [_thread_blocked, id=4124, stack(0x0000000017470000,0x0000000017570000)]
  0x0000000015f1c000 JavaThread "Signal Dispatcher" daemon [_thread_blocked, id=852, stack(0x0000000017370000,0x0000000017470000)]
  0x00000000025ad000 JavaThread "Finalizer" daemon [_thread_blocked, id=14308, stack(0x0000000017170000,0x0000000017270000)]
  0x00000000025a2000 JavaThread "Reference Handler" daemon [_thread_blocked, id=12484, stack(0x0000000017070000,0x0000000017170000)]
  0x00000000024b2800 JavaThread "main" [_thread_blocked, id=10992, stack(0x0000000002370000,0x0000000002470000)]

Other Threads:
  0x0000000015ee7800 VMThread [stack: 0x0000000016f70000,0x0000000017070000] [id=11168]
  0x0000000017893800 WatcherThread [stack: 0x0000000017d70000,0x0000000017e70000] [id=1108]

VM state:not at safepoint (normal execution)

VM Mutex/Monitor currently owned by a thread: None

Heap:
 PSYoungGen      total 286208K, used 269973K [0x00000000e0000000, 0x00000000f3280000, 0x0000000100000000)
  eden space 259584K, 99% used [0x00000000e0000000,0x00000000efb47550,0x00000000efd80000)
  from space 26624K, 47% used [0x00000000efd80000,0x00000000f09de258,0x00000000f1780000)
  to   space 25600K, 0% used [0x00000000f1980000,0x00000000f1980000,0x00000000f3280000)
 ParOldGen       total 392704K, used 50218K [0x00000000a0000000, 0x00000000b7f80000, 0x00000000e0000000)
  object space 392704K, 12% used [0x00000000a0000000,0x00000000a310a9e0,0x00000000b7f80000)
 Metaspace       used 107972K, capacity 115122K, committed 115328K, reserved 1150976K
  class space    used 13424K, capacity 14615K, committed 14720K, reserved 1048576K

Card table byte_map: [0x0000000011970000,0x0000000011c80000] byte_map_base: 0x0000000011470000

Marking Bits: (ParMarkBitMap*) 0x0000000054745aa0
 Begin Bits: [0x0000000012280000, 0x0000000013a80000)
 End Bits:   [0x0000000013a80000, 0x0000000015280000)

Polling page: 0x0000000000640000

CodeCache: size=245760Kb used=71746Kb max_used=71746Kb free=174013Kb
 bounds [0x00000000025b0000, 0x0000000006c50000, 0x00000000115b0000]
 total_blobs=22195 nmethods=21149 adapters=957
 compilation: enabled

Compilation events (10 events):
Event: 3921.169 Thread 0x0000000015f2d000 27143       3       com.android.manifmerger.XmlElement::getAttributeOperations (10 bytes)
Event: 3921.170 Thread 0x0000000015f2d000 nmethod 27143 0x00000000065ba650 code [0x00000000065ba7c0, 0x00000000065ba9e8]
Event: 3921.171 Thread 0x0000000015f2d000 27144       3       com.android.manifmerger.XmlElement::getSourceFile (8 bytes)
Event: 3921.171 Thread 0x0000000015f2d000 nmethod 27144 0x00000000065ea750 code [0x00000000065ea8a0, 0x00000000065eaa30]
Event: 3921.171 Thread 0x0000000015f2d000 27145       3       com.android.manifmerger.PreValidator::validate (238 bytes)
Event: 3921.174 Thread 0x0000000015f2d000 nmethod 27145 0x00000000065b22d0 code [0x00000000065b2960, 0x00000000065b7538]
Event: 3921.174 Thread 0x0000000015f2d000 27147       3       com.android.ide.common.xml.XmlPrettyPrinter::isMarkupNode (41 bytes)
Event: 3921.174 Thread 0x0000000015f2d000 nmethod 27147 0x00000000065b1b10 code [0x00000000065b1ca0, 0x00000000065b21a8]
Event: 3921.174 Thread 0x0000000015f2d000 27146       3       com.android.manifmerger.PreValidator::validateAttributeInstructions (253 bytes)
Event: 3921.177 Thread 0x0000000015f2d000 nmethod 27146 0x00000000065a8a10 code [0x00000000065a9140, 0x00000000065ae508]

GC Heap History (10 events):
Event: 2014.449 GC heap before
{Heap before GC invocations=29 (full 4):
 PSYoungGen      total 273408K, used 262966K [0x00000000e0000000, 0x00000000f2b80000, 0x0000000100000000)
  eden space 249344K, 100% used [0x00000000e0000000,0x00000000ef380000,0x00000000ef380000)
  from space 24064K, 56% used [0x00000000f1400000,0x00000000f214d800,0x00000000f2b80000)
  to   space 28672K, 0% used [0x00000000ef380000,0x00000000ef380000,0x00000000f0f80000)
 ParOldGen       total 392704K, used 50186K [0x00000000a0000000, 0x00000000b7f80000, 0x00000000e0000000)
  object space 392704K, 12% used [0x00000000a0000000,0x00000000a31029e0,0x00000000b7f80000)
 Metaspace       used 100810K, capacity 105952K, committed 106240K, reserved 1142784K
  class space    used 12575K, capacity 13500K, committed 13568K, reserved 1048576K
Event: 2014.472 GC heap after
Heap after GC invocations=29 (full 4):
 PSYoungGen      total 278016K, used 15093K [0x00000000e0000000, 0x00000000f3100000, 0x0000000100000000)
  eden space 249344K, 0% used [0x00000000e0000000,0x00000000e0000000,0x00000000ef380000)
  from space 28672K, 52% used [0x00000000ef380000,0x00000000f023d450,0x00000000f0f80000)
  to   space 27648K, 0% used [0x00000000f1600000,0x00000000f1600000,0x00000000f3100000)
 ParOldGen       total 392704K, used 50194K [0x00000000a0000000, 0x00000000b7f80000, 0x00000000e0000000)
  object space 392704K, 12% used [0x00000000a0000000,0x00000000a31049e0,0x00000000b7f80000)
 Metaspace       used 100810K, capacity 105952K, committed 106240K, reserved 1142784K
  class space    used 12575K, capacity 13500K, committed 13568K, reserved 1048576K
}
Event: 2461.250 GC heap before
{Heap before GC invocations=30 (full 4):
 PSYoungGen      total 278016K, used 264437K [0x00000000e0000000, 0x00000000f3100000, 0x0000000100000000)
  eden space 249344K, 100% used [0x00000000e0000000,0x00000000ef380000,0x00000000ef380000)
  from space 28672K, 52% used [0x00000000ef380000,0x00000000f023d450,0x00000000f0f80000)
  to   space 27648K, 0% used [0x00000000f1600000,0x00000000f1600000,0x00000000f3100000)
 ParOldGen       total 392704K, used 50194K [0x00000000a0000000, 0x00000000b7f80000, 0x00000000e0000000)
  object space 392704K, 12% used [0x00000000a0000000,0x00000000a31049e0,0x00000000b7f80000)
 Metaspace       used 101919K, capacity 108306K, committed 108416K, reserved 1144832K
  class space    used 12772K, capacity 13859K, committed 13952K, reserved 1048576K
Event: 2461.287 GC heap after
Heap after GC invocations=30 (full 4):
 PSYoungGen      total 281600K, used 17009K [0x00000000e0000000, 0x00000000f2f80000, 0x0000000100000000)
  eden space 255488K, 0% used [0x00000000e0000000,0x00000000e0000000,0x00000000ef980000)
  from space 26112K, 65% used [0x00000000f1600000,0x00000000f269c7b8,0x00000000f2f80000)
  to   space 27648K, 0% used [0x00000000ef980000,0x00000000ef980000,0x00000000f1480000)
 ParOldGen       total 392704K, used 50194K [0x00000000a0000000, 0x00000000b7f80000, 0x00000000e0000000)
  object space 392704K, 12% used [0x00000000a0000000,0x00000000a31049e0,0x00000000b7f80000)
 Metaspace       used 101919K, capacity 108306K, committed 108416K, reserved 1144832K
  class space    used 12772K, capacity 13859K, committed 13952K, reserved 1048576K
}
Event: 3050.018 GC heap before
{Heap before GC invocations=31 (full 4):
 PSYoungGen      total 281600K, used 272497K [0x00000000e0000000, 0x00000000f2f80000, 0x0000000100000000)
  eden space 255488K, 100% used [0x00000000e0000000,0x00000000ef980000,0x00000000ef980000)
  from space 26112K, 65% used [0x00000000f1600000,0x00000000f269c7b8,0x00000000f2f80000)
  to   space 27648K, 0% used [0x00000000ef980000,0x00000000ef980000,0x00000000f1480000)
 ParOldGen       total 392704K, used 50194K [0x00000000a0000000, 0x00000000b7f80000, 0x00000000e0000000)
  object space 392704K, 12% used [0x00000000a0000000,0x00000000a31049e0,0x00000000b7f80000)
 Metaspace       used 102426K, capacity 109098K, committed 109312K, reserved 1144832K
  class space    used 12831K, capacity 13967K, committed 14080K, reserved 1048576K
Event: 3050.040 GC heap after
Heap after GC invocations=31 (full 4):
 PSYoungGen      total 283136K, used 16111K [0x00000000e0000000, 0x00000000f3280000, 0x0000000100000000)
  eden space 255488K, 0% used [0x00000000e0000000,0x00000000e0000000,0x00000000ef980000)
  from space 27648K, 58% used [0x00000000ef980000,0x00000000f093bd68,0x00000000f1480000)
  to   space 26624K, 0% used [0x00000000f1880000,0x00000000f1880000,0x00000000f3280000)
 ParOldGen       total 392704K, used 50202K [0x00000000a0000000, 0x00000000b7f80000, 0x00000000e0000000)
  object space 392704K, 12% used [0x00000000a0000000,0x00000000a31069e0,0x00000000b7f80000)
 Metaspace       used 102426K, capacity 109098K, committed 109312K, reserved 1144832K
  class space    used 12831K, capacity 13967K, committed 14080K, reserved 1048576K
}
Event: 3283.850 GC heap before
{Heap before GC invocations=32 (full 4):
 PSYoungGen      total 283136K, used 271599K [0x00000000e0000000, 0x00000000f3280000, 0x0000000100000000)
  eden space 255488K, 100% used [0x00000000e0000000,0x00000000ef980000,0x00000000ef980000)
  from space 27648K, 58% used [0x00000000ef980000,0x00000000f093bd68,0x00000000f1480000)
  to   space 26624K, 0% used [0x00000000f1880000,0x00000000f1880000,0x00000000f3280000)
 ParOldGen       total 392704K, used 50202K [0x00000000a0000000, 0x00000000b7f80000, 0x00000000e0000000)
  object space 392704K, 12% used [0x00000000a0000000,0x00000000a31069e0,0x00000000b7f80000)
 Metaspace       used 102605K, capacity 109246K, committed 109568K, reserved 1144832K
  class space    used 12840K, capacity 13981K, committed 14080K, reserved 1048576K
Event: 3283.862 GC heap after
Heap after GC invocations=32 (full 4):
 PSYoungGen      total 285184K, used 7216K [0x00000000e0000000, 0x00000000f3180000, 0x0000000100000000)
  eden space 259584K, 0% used [0x00000000e0000000,0x00000000e0000000,0x00000000efd80000)
  from space 25600K, 28% used [0x00000000f1880000,0x00000000f1f8c120,0x00000000f3180000)
  to   space 26624K, 0% used [0x00000000efd80000,0x00000000efd80000,0x00000000f1780000)
 ParOldGen       total 392704K, used 50210K [0x00000000a0000000, 0x00000000b7f80000, 0x00000000e0000000)
  object space 392704K, 12% used [0x00000000a0000000,0x00000000a31089e0,0x00000000b7f80000)
 Metaspace       used 102605K, capacity 109246K, committed 109568K, reserved 1144832K
  class space    used 12840K, capacity 13981K, committed 14080K, reserved 1048576K
}
Event: 3896.009 GC heap before
{Heap before GC invocations=33 (full 4):
 PSYoungGen      total 285184K, used 266800K [0x00000000e0000000, 0x00000000f3180000, 0x0000000100000000)
  eden space 259584K, 100% used [0x00000000e0000000,0x00000000efd80000,0x00000000efd80000)
  from space 25600K, 28% used [0x00000000f1880000,0x00000000f1f8c120,0x00000000f3180000)
  to   space 26624K, 0% used [0x00000000efd80000,0x00000000efd80000,0x00000000f1780000)
 ParOldGen       total 392704K, used 50210K [0x00000000a0000000, 0x00000000b7f80000, 0x00000000e0000000)
  object space 392704K, 12% used [0x00000000a0000000,0x00000000a31089e0,0x00000000b7f80000)
 Metaspace       used 103547K, capacity 110532K, committed 110592K, reserved 1146880K
  class space    used 12915K, capacity 14062K, committed 14080K, reserved 1048576K
Event: 3896.033 GC heap after
Heap after GC invocations=33 (full 4):
 PSYoungGen      total 286208K, used 12664K [0x00000000e0000000, 0x00000000f3280000, 0x0000000100000000)
  eden space 259584K, 0% used [0x00000000e0000000,0x00000000e0000000,0x00000000efd80000)
  from space 26624K, 47% used [0x00000000efd80000,0x00000000f09de258,0x00000000f1780000)
  to   space 25600K, 0% used [0x00000000f1980000,0x00000000f1980000,0x00000000f3280000)
 ParOldGen       total 392704K, used 50218K [0x00000000a0000000, 0x00000000b7f80000, 0x00000000e0000000)
  object space 392704K, 12% used [0x00000000a0000000,0x00000000a310a9e0,0x00000000b7f80000)
 Metaspace       used 103547K, capacity 110532K, committed 110592K, reserved 1146880K
  class space    used 12915K, capacity 14062K, committed 14080K, reserved 1048576K
}

Deoptimization events (10 events):
Event: 3902.147 Thread 0x000000001bbee800 Uncommon trap: reason=class_check action=maybe_recompile pc=0x0000000002f1efec method=sun.reflect.GeneratedMethodAccessor28.invoke(Ljava/lang/Object;[Ljava/lang/Object;)Ljava/lang/Object; @ 37
Event: 3902.147 Thread 0x000000001bbee800 Uncommon trap: reason=class_check action=maybe_recompile pc=0x0000000002f1efec method=sun.reflect.GeneratedMethodAccessor28.invoke(Ljava/lang/Object;[Ljava/lang/Object;)Ljava/lang/Object; @ 37
Event: 3902.148 Thread 0x000000001bbee800 Uncommon trap: reason=class_check action=maybe_recompile pc=0x0000000006267280 method=org.gradle.internal.classloader.VisitableURLClassLoader.visit(Lorg/gradle/internal/classloader/ClassLoaderVisitor;)V @ 21
Event: 3902.411 Thread 0x000000001bbf6000 Uncommon trap: reason=unstable_if action=reinterpret pc=0x00000000045a566c method=org.gradle.internal.fingerprint.impl.AbstractFileSystemLocationFingerprint.compareTo(Lorg/gradle/internal/fingerprint/FileSystemLocationFingerprint;)I @ 15
Event: 3902.725 Thread 0x000000001bbf6000 Uncommon trap: reason=null_check action=make_not_entrant pc=0x0000000005e9ce68 method=com.google.gson.internal.Excluder.isAnonymousOrLocal(Ljava/lang/Class;)Z @ 3
Event: 3920.547 Thread 0x000000001bbf0800 Uncommon trap: reason=bimorphic action=maybe_recompile pc=0x0000000006acaf04 method=java.io.DataInputStream.readChar()C @ 4
Event: 3920.548 Thread 0x000000001bbf0800 Uncommon trap: reason=bimorphic action=maybe_recompile pc=0x0000000006acaf04 method=java.io.DataInputStream.readChar()C @ 4
Event: 3920.548 Thread 0x000000001bbf0800 Uncommon trap: reason=bimorphic action=maybe_recompile pc=0x0000000006acaf04 method=java.io.DataInputStream.readChar()C @ 4
Event: 3920.576 Thread 0x000000001bbee800 Uncommon trap: reason=bimorphic action=maybe_recompile pc=0x0000000006acaf04 method=java.io.DataInputStream.readChar()C @ 4
Event: 3920.984 Thread 0x00000000191d7000 Uncommon trap: reason=bimorphic action=maybe_recompile pc=0x00000000052b62c4 method=org.gradle.internal.fingerprint.impl.DefaultCurrentFileCollectionFingerprint.visitChangesSince(Lorg/gradle/internal/fingerprint/FileCollectionFingerprint;Ljava/lang/String

Classes redefined (0 events):
No events

Internal exceptions (10 events):
Event: 3921.016 Thread 0x00000000191da000 Exception <a 'sun/nio/fs/WindowsException'> (0x00000000ee908bb0) thrown at [D:\src\AOSP-openjdk-cygwin\jdk8u\hotspot\src\share\vm\prims\jni.cpp, line 709]
Event: 3921.017 Thread 0x000000001bbee800 Exception <a 'sun/nio/fs/WindowsException'> (0x00000000eed050f8) thrown at [D:\src\AOSP-openjdk-cygwin\jdk8u\hotspot\src\share\vm\prims\jni.cpp, line 709]
Event: 3921.017 Thread 0x00000000191d7000 Exception <a 'sun/nio/fs/WindowsException'> (0x00000000eecb4460) thrown at [D:\src\AOSP-openjdk-cygwin\jdk8u\hotspot\src\share\vm\prims\jni.cpp, line 709]
Event: 3921.018 Thread 0x00000000191db000 Exception <a 'sun/nio/fs/WindowsException'> (0x00000000eecd31a0) thrown at [D:\src\AOSP-openjdk-cygwin\jdk8u\hotspot\src\share\vm\prims\jni.cpp, line 709]
Event: 3921.037 Thread 0x00000000191d7000 Exception <a 'sun/nio/fs/WindowsException'> (0x00000000eedf4ae0) thrown at [D:\src\AOSP-openjdk-cygwin\jdk8u\hotspot\src\share\vm\prims\jni.cpp, line 709]
Event: 3921.045 Thread 0x00000000191da000 Exception <a 'sun/nio/fs/WindowsException'> (0x00000000eee24480) thrown at [D:\src\AOSP-openjdk-cygwin\jdk8u\hotspot\src\share\vm\prims\jni.cpp, line 709]
Event: 3921.045 Thread 0x000000001bbee800 Exception <a 'sun/nio/fs/WindowsException'> (0x00000000eed35c10) thrown at [D:\src\AOSP-openjdk-cygwin\jdk8u\hotspot\src\share\vm\prims\jni.cpp, line 709]
Event: 3921.063 Thread 0x00000000191db000 Exception <a 'sun/nio/fs/WindowsException'> (0x00000000eee73390) thrown at [D:\src\AOSP-openjdk-cygwin\jdk8u\hotspot\src\share\vm\prims\jni.cpp, line 709]
Event: 3921.075 Thread 0x00000000191da000 Exception <a 'sun/nio/fs/WindowsException'> (0x00000000eeee2500) thrown at [D:\src\AOSP-openjdk-cygwin\jdk8u\hotspot\src\share\vm\prims\jni.cpp, line 709]
Event: 3921.077 Thread 0x00000000191d7000 Exception <a 'sun/nio/fs/WindowsException'> (0x00000000eef2ac58) thrown at [D:\src\AOSP-openjdk-cygwin\jdk8u\hotspot\src\share\vm\prims\jni.cpp, line 709]

Events (10 events):
Event: 3920.929 Executing VM operation: RevokeBias done
Event: 3920.984 Thread 0x00000000191d7000 Uncommon trap: trap_request=0xffffffc6 fr.pc=0x00000000052b62c4
Event: 3920.984 Thread 0x00000000191d7000 DEOPT PACKING pc=0x00000000052b62c4 sp=0x000000002541d620
Event: 3920.984 Thread 0x00000000191d7000 DEOPT UNPACKING pc=0x00000000025f557b sp=0x000000002541d560 mode 2
Event: 3920.984 Executing VM operation: RevokeBias
Event: 3920.984 Executing VM operation: RevokeBias done
Event: 3920.984 Executing VM operation: RevokeBias
Event: 3920.984 Executing VM operation: RevokeBias done
Event: 3921.046 loading class com/android/ide/common/xml/ManifestData$KeepClass
Event: 3921.046 loading class com/android/ide/common/xml/ManifestData$KeepClass done


Dynamic libraries:
0x00007ff7070d0000 - 0x00007ff707101000 	C:\Program Files\Android\Android Studio\jre\bin\java.exe
0x00007ff8eddc0000 - 0x00007ff8edfb0000 	C:\WINDOWS\SYSTEM32\ntdll.dll
0x00007ff8ed720000 - 0x00007ff8ed7d2000 	C:\WINDOWS\System32\KERNEL32.DLL
0x00007ff8eb410000 - 0x00007ff8eb6b3000 	C:\WINDOWS\System32\KERNELBASE.dll
0x00007ff8ec350000 - 0x00007ff8ec3f3000 	C:\WINDOWS\System32\ADVAPI32.dll
0x00007ff8ed530000 - 0x00007ff8ed5ce000 	C:\WINDOWS\System32\msvcrt.dll
0x00007ff8ed7e0000 - 0x00007ff8ed877000 	C:\WINDOWS\System32\sechost.dll
0x00007ff8ec1a0000 - 0x00007ff8ec2c0000 	C:\WINDOWS\System32\RPCRT4.dll
0x00007ff8eda40000 - 0x00007ff8edbd4000 	C:\WINDOWS\System32\USER32.dll
0x00007ff8ebe40000 - 0x00007ff8ebe61000 	C:\WINDOWS\System32\win32u.dll
0x00007ff8ec2c0000 - 0x00007ff8ec2e6000 	C:\WINDOWS\System32\GDI32.dll
0x00007ff8eaf90000 - 0x00007ff8eb124000 	C:\WINDOWS\System32\gdi32full.dll
0x00007ff8eada0000 - 0x00007ff8eae3e000 	C:\WINDOWS\System32\msvcp_win.dll
0x00007ff8eae90000 - 0x00007ff8eaf8a000 	C:\WINDOWS\System32\ucrtbase.dll
0x00007ff8cf620000 - 0x00007ff8cf8a5000 	C:\WINDOWS\WinSxS\amd64_microsoft.windows.common-controls_6595b64144ccf1df_6.0.18362.418_none_e6c6b287130d565d\COMCTL32.dll
0x00007ff8ed1f0000 - 0x00007ff8ed526000 	C:\WINDOWS\System32\combase.dll
0x00007ff8eb240000 - 0x00007ff8eb2c0000 	C:\WINDOWS\System32\bcryptPrimitives.dll
0x00007ff8ec900000 - 0x00007ff8ec92e000 	C:\WINDOWS\System32\IMM32.DLL
0x0000000053dd0000 - 0x0000000053ea2000 	C:\Program Files\Android\Android Studio\jre\jre\bin\msvcr100.dll
0x0000000053f80000 - 0x00000000547c1000 	C:\Program Files\Android\Android Studio\jre\jre\bin\server\jvm.dll
0x00007ff8ed710000 - 0x00007ff8ed718000 	C:\WINDOWS\System32\PSAPI.DLL
0x00007ff8c7660000 - 0x00007ff8c7669000 	C:\WINDOWS\SYSTEM32\WSOCK32.dll
0x00007ff8e8c00000 - 0x00007ff8e8c24000 	C:\WINDOWS\SYSTEM32\WINMM.dll
0x00007ff8e4400000 - 0x00007ff8e440a000 	C:\WINDOWS\SYSTEM32\VERSION.dll
0x00007ff8ec930000 - 0x00007ff8ec99f000 	C:\WINDOWS\System32\WS2_32.dll
0x00007ff8e8860000 - 0x00007ff8e888d000 	C:\WINDOWS\SYSTEM32\WINMMBASE.dll
0x00007ff8eae40000 - 0x00007ff8eae8a000 	C:\WINDOWS\System32\cfgmgr32.dll
0x00007ff8e3160000 - 0x00007ff8e316f000 	C:\Program Files\Android\Android Studio\jre\jre\bin\verify.dll
0x00007ff8e2020000 - 0x00007ff8e2049000 	C:\Program Files\Android\Android Studio\jre\jre\bin\java.dll
0x00007ff8e13d0000 - 0x00007ff8e13e6000 	C:\Program Files\Android\Android Studio\jre\jre\bin\zip.dll
0x00007ff8ec9a0000 - 0x00007ff8ed085000 	C:\WINDOWS\System32\SHELL32.dll
0x00007ff8ebf70000 - 0x00007ff8ec019000 	C:\WINDOWS\System32\shcore.dll
0x00007ff8eb6c0000 - 0x00007ff8ebe3f000 	C:\WINDOWS\System32\windows.storage.dll
0x00007ff8ead30000 - 0x00007ff8ead4f000 	C:\WINDOWS\System32\profapi.dll
0x00007ff8eace0000 - 0x00007ff8ead2a000 	C:\WINDOWS\System32\powrprof.dll
0x00007ff8eac90000 - 0x00007ff8eaca0000 	C:\WINDOWS\System32\UMPDC.dll
0x00007ff8ec2f0000 - 0x00007ff8ec342000 	C:\WINDOWS\System32\shlwapi.dll
0x00007ff8eacc0000 - 0x00007ff8eacd1000 	C:\WINDOWS\System32\kernel.appcore.dll
0x00007ff8ead80000 - 0x00007ff8ead97000 	C:\WINDOWS\System32\cryptsp.dll
0x00007ff8dff00000 - 0x00007ff8dff1a000 	C:\Program Files\Android\Android Studio\jre\jre\bin\net.dll
0x00007ff8ea500000 - 0x00007ff8ea567000 	C:\WINDOWS\system32\mswsock.dll
0x00007ff8dfee0000 - 0x00007ff8dfef1000 	C:\Program Files\Android\Android Studio\jre\jre\bin\nio.dll
0x00007ff8ce780000 - 0x00007ff8ce79e000 	C:\Users\Marko\.gradle\native\25\windows-amd64\native-platform.dll
0x00007ff8e3150000 - 0x00007ff8e315d000 	C:\Program Files\Android\Android Studio\jre\jre\bin\management.dll
0x00007ff8ea010000 - 0x00007ff8ea043000 	C:\WINDOWS\system32\rsaenh.dll
0x00007ff8ead50000 - 0x00007ff8ead76000 	C:\WINDOWS\System32\bcrypt.dll
0x00007ff8eab80000 - 0x00007ff8eaba5000 	C:\WINDOWS\SYSTEM32\USERENV.dll
0x00007ff8ea6d0000 - 0x00007ff8ea6dc000 	C:\WINDOWS\SYSTEM32\CRYPTBASE.dll
0x00007ff8ea210000 - 0x00007ff8ea24a000 	C:\WINDOWS\SYSTEM32\IPHLPAPI.DLL
0x00007ff8eda30000 - 0x00007ff8eda38000 	C:\WINDOWS\System32\NSI.dll
0x00007ff8e5730000 - 0x00007ff8e5746000 	C:\WINDOWS\SYSTEM32\dhcpcsvc6.DLL
0x00007ff8e5600000 - 0x00007ff8e561c000 	C:\WINDOWS\SYSTEM32\dhcpcsvc.DLL
0x00007ff8ea250000 - 0x00007ff8ea31a000 	C:\WINDOWS\SYSTEM32\DNSAPI.dll
0x00007ff8bf8e0000 - 0x00007ff8bfa78000 	C:\Program Files\Android\Android Studio\jre\jre\bin\awt.dll
0x00007ff8ec0d0000 - 0x00007ff8ec194000 	C:\WINDOWS\System32\OLEAUT32.dll
0x00007ff8e7920000 - 0x00007ff8e7ee0000 	C:\WINDOWS\SYSTEM32\d2d1.dll
0x00007ff8e8e40000 - 0x00007ff8e8ecf000 	C:\WINDOWS\SYSTEM32\apphelp.dll
0x00007ff8e9430000 - 0x00007ff8e945d000 	C:\WINDOWS\system32\DWMAPI.DLL
0x00007ff8e9010000 - 0x00007ff8e90a9000 	C:\WINDOWS\system32\uxtheme.dll
0x00007ff8e9df0000 - 0x00007ff8e9e21000 	C:\WINDOWS\SYSTEM32\ntmarta.dll
0x00007ff8d3990000 - 0x00007ff8d39b4000 	C:\Program Files\Android\Android Studio\jre\jre\bin\sunec.dll
0x00007ff8e3a50000 - 0x00007ff8e3a5a000 	C:\Windows\System32\rasadhlp.dll
0x00007ff8e5030000 - 0x00007ff8e50a7000 	C:\WINDOWS\System32\fwpuclnt.dll
0x00007ff8de090000 - 0x00007ff8de09b000 	C:\Program Files\Android\Android Studio\jre\jre\bin\sunmscapi.dll
0x00007ff8eb2c0000 - 0x00007ff8eb409000 	C:\WINDOWS\System32\CRYPT32.dll
0x00007ff8eaca0000 - 0x00007ff8eacb2000 	C:\WINDOWS\System32\MSASN1.dll

VM Arguments:
jvm_args: -Xmx1536m -Dfile.encoding=windows-1252 -Duser.country=US -Duser.language=en -Duser.variant 
java_command: org.gradle.launcher.daemon.bootstrap.GradleDaemon 5.1.1
java_class_path (initial): C:\Users\Marko\.gradle\wrapper\dists\gradle-5.1.1-all\97z1ksx6lirer3kbvdnh7jtjg\gradle-5.1.1\lib\gradle-launcher-5.1.1.jar
Launcher Type: SUN_STANDARD

Environment Variables:
JAVA_HOME=C:\Program Files\Java\jdk1.8.0_131
PATH=D:\app\oracle\product\12.1.0\dbhome_1\BIN;C:\Program Files (x86)\Common Files\Oracle\Java\javapath;C:\Program Files\Java\jdk1.8.0_131\bin;C:\WATCOM\binnt;C:\WATCOM\binw;C:\Program Files (x86)\Intel\iCLS Client\;C:\Program Files\Intel\iCLS Client\;C:\Windows\System32;C:\Windows;C:\Windows\System32\wbem;C:\Windows\System32\WindowsPowerShell\v1.0\;C:\Program Files (x86)\Intel\Intel(R) Management Engine Components\DAL;C:\Program Files\Intel\Intel(R) Management Engine Components\DAL;C:\Program Files (x86)\Intel\Intel(R) Management Engine Components\IPT;C:\Program Files\Intel\Intel(R) Management Engine Components\IPT;C:\Program Files\OpenVPN\bin;C:\Program Files\Microsoft SQL Server\130\Tools\Binn\;C:\Windows\System32\;C:\Windows\System32\OpenSSH\;C:\Program Files (x86)\GnuPG\bin;C:\Users\Marko\Desktop\GNU MCU Eclipse\ARM Embedded GCC\8.2.1-1.7-20190524-0603\bin;C:\Users\Marko\Desktop\GNU MCU Eclipse\Build Tools\2.12-20190422-1053\bin;C:\Program Files (x86)\GNU Tools ARM Embedded\8 2018-q4-major\bin;C:\Users\Marko\AppData\Local\Microsoft\WindowsApps;C:\altera\13.0sp1\modelsim_ase\win32aloem;C:\WINDOWS\System32;C:\WINDOWS\System32\WindowsPowerShell\v1.0\;C:\Users\Marko\AppData\Local\Programs\MiKTeX 2.9\miktex\bin\x64\;C:\Program Files\JetBrains\CLion 2019.1.4\bin;;C:\Program Files\JetBrains\PyCharm 2019.1.3\bin;;C:\Program Files\JetBrains\IntelliJ IDEA 2019.1.3\bin;;
USERNAME=Marko
OS=Windows_NT
PROCESSOR_IDENTIFIER=Intel64 Family 6 Model 94 Stepping 3, GenuineIntel



---------------  S Y S T E M  ---------------

OS: Windows 10.0 , 64 bit Build 18362 (10.0.18362.329)

CPU:total 4 (initial active 4) (4 cores per cpu, 1 threads per core) family 6 model 94 stepping 3, cmov, cx8, fxsr, mmx, sse, sse2, sse3, ssse3, sse4.1, sse4.2, popcnt, avx, avx2, aes, clmul, erms, 3dnowpref, lzcnt, tsc, tscinvbit, bmi1, bmi2, adx

Memory: 4k page, physical 16739168k(6573112k free), swap 16739168k(6632k free)

vm_info: OpenJDK 64-Bit Server VM (25.152-b01) for windows-amd64 JRE (1.8.0_152-release-1343-b01), built by "builder" with MS VC++ 10.0 (VS2010)

time: Wed Nov 13 17:37:12 2019
elapsed time: 3921 seconds (0d 1h 5m 21s)

